enter Initial
enter NotTrimming
exit Initial
enter Reset
exit Reset
enter Started
enter Start
exit Start
enter Started/Primary
enter Started/Primary/Peering
enter Started/Primary/Peering/GetInfo
exit Started/Primary/Peering/GetInfo
enter Started/Primary/Peering/GetLog
exit Started/Primary/Peering/GetLog
enter Started/Primary/Peering/GetMissing
exit Started/Primary/Peering/GetMissing
enter Started/Primary/Peering/WaitUpThru
exit Started/Primary/Peering/WaitUpThru
exit Started/Primary/Peering
enter Started/Primary/Active
enter Started/Primary/Active/Activating
exit Started/Primary/Active/Activating
enter Started/Primary/Active/Recovered
exit Started/Primary/Active/Recovered
enter Started/Primary/Active/Clean
exit Started/Primary/Active/Clean
exit Started/Primary/Active
exit Started/Primary
exit Started
enter Reset
exit NotTrimming
enter NotTrimming
exit Reset
enter Started
enter Start
exit Start
enter Started/Primary
enter Started/Primary/Peering
enter Started/Primary/Peering/GetInfo
exit Started/Primary/Peering/GetInfo
enter Started/Primary/Peering/GetLog
exit Started/Primary/Peering/GetLog
enter Started/Primary/Peering/GetMissing
exit Started/Primary/Peering/GetMissing
enter Started/Primary/Peering/WaitUpThru
exit Started/Primary/Peering/WaitUpThru
exit Started/Primary/Peering
enter Started/Primary/Active
enter Started/Primary/Active/Activating
exit Started/Primary/Active/Activating
enter Started/Primary/Active/Recovered
exit Started/Primary/Active/Recovered
enter Started/Primary/Active/Clean
enter Initial
enter Initial
enter NotTrimming
enter NotTrimming
enter Initial
enter NotTrimming
enter Initial
enter NotTrimming
enter Initial
enter NotTrimming
enter Initial
enter NotTrimming
enter Initial
enter NotTrimming
exit Initial
exit Initial
enter Reset
enter Reset
exit Initial
exit Initial
enter Reset
enter Reset
exit Initial
enter Reset
exit Reset
exit Reset
enter Started
enter Started
exit Initial
enter Start
enter Start
exit Reset
enter Reset
exit Start
exit Initial
exit Start
enter Started
enter Started/Primary
enter Started/Primary
exit Reset
enter Reset
exit Reset
enter Start
enter Started/Primary/Peering
enter Started/Primary/Peering
enter Started
enter Started/Primary/Peering/GetInfo
enter Started/Primary/Peering/GetInfo
enter Started
exit Start
enter Start
exit Reset
enter Start
enter Started/Primary
enter Started
exit Start
exit Start
enter Started/Primary/Peering
enter Start
enter Started/Primary
enter Started/Primary/Peering/GetInfo
enter Started/Primary
exit Reset
enter Started/Primary/Peering
exit Start
enter Started/Primary/Peering
enter Started
enter Started/Primary/Peering/GetInfo
enter Started/Primary/Peering/GetInfo
enter Started/Primary
enter Start
enter Started/Primary/Peering
exit Start
enter Started/Primary/Peering/GetInfo
enter Started/Primary
enter Started/Primary/Peering
enter Started/Primary/Peering/GetInfo
enter Initial
enter NotTrimming
exit Initial
enter Reset
exit Reset
enter Started
enter Start
exit Start
enter Started/Primary
enter Started/Primary/Peering
enter Started/Primary/Peering/GetInfo
enter Initial
enter NotTrimming
enter Initial
enter NotTrimming
enter Initial
enter NotTrimming
exit Initial
exit Initial
enter Reset
enter Reset
exit Reset
exit Reset
exit Initial
enter Started
enter Started
enter Start
enter Start
enter Reset
exit Start
exit Start
enter Started/Primary
enter Started/Primary
enter Started/Primary/Peering
enter Started/Primary/Peering
enter Started/Primary/Peering/GetInfo
enter Started/Primary/Peering/GetInfo
exit Reset
enter Started
enter Start
exit Start
enter Started/Primary
enter Started/Primary/Peering
enter Started/Primary/Peering/GetInfo
exit Started/Primary/Peering/GetInfo
enter Started/Primary/Peering/GetLog
exit Started/Primary/Peering/GetLog
enter Started/Primary/Peering/GetMissing
exit Started/Primary/Peering/GetMissing
enter Started/Primary/Peering/WaitUpThru
exit Started/Primary/Peering/GetInfo
enter Started/Primary/Peering/GetLog
exit Started/Primary/Peering/GetInfo
enter Started/Primary/Peering/GetLog
exit Started/Primary/Peering/GetLog
enter Started/Primary/Peering/GetMissing
exit Started/Primary/Peering/GetMissing
enter Started/Primary/Peering/WaitUpThru
exit Started/Primary/Peering/GetLog
enter Started/Primary/Peering/GetMissing
exit Started/Primary/Peering/GetMissing
enter Started/Primary/Peering/WaitUpThru
exit Started/Primary/Peering/GetInfo
enter Started/Primary/Peering/GetLog
exit Started/Primary/Peering/GetInfo
enter Started/Primary/Peering/GetLog
exit Started/Primary/Peering/GetLog
enter Started/Primary/Peering/GetMissing
exit Started/Primary/Peering/GetMissing
enter Started/Primary/Peering/WaitUpThru
exit Started/Primary/Peering/GetLog
enter Started/Primary/Peering/GetMissing
exit Started/Primary/Peering/GetMissing
enter Started/Primary/Peering/WaitUpThru
exit Started/Primary/Peering/GetInfo
enter Started/Primary/Peering/GetLog
exit Started/Primary/Peering/GetLog
enter Started/Primary/Peering/GetMissing
exit Started/Primary/Peering/GetMissing
exit Started/Primary/Peering/GetInfo
enter Started/Primary/Peering/WaitUpThru
enter Started/Primary/Peering/GetLog
exit Started/Primary/Peering/GetLog
enter Started/Primary/Peering/GetMissing
exit Started/Primary/Peering/GetMissing
enter Started/Primary/Peering/WaitUpThru
exit Started/Primary/Peering/GetInfo
enter Started/Primary/Peering/GetLog
exit Started/Primary/Peering/GetLog
enter Started/Primary/Peering/GetMissing
exit Started/Primary/Peering/GetMissing
enter Started/Primary/Peering/WaitUpThru
exit Started/Primary/Peering/GetInfo
enter Started/Primary/Peering/GetLog
exit Started/Primary/Peering/GetLog
enter Started/Primary/Peering/GetMissing
exit Started/Primary/Peering/GetMissing
enter Started/Primary/Peering/WaitUpThru
exit Started/Primary/Peering/GetInfo
enter Started/Primary/Peering/GetLog
exit Started/Primary/Peering/GetInfo
enter Started/Primary/Peering/GetLog
exit Started/Primary/Peering/GetLog
enter Started/Primary/Peering/GetMissing
exit Started/Primary/Peering/GetMissing
enter Started/Primary/Peering/WaitUpThru
exit Started/Primary/Peering/GetLog
enter Started/Primary/Peering/GetMissing
exit Started/Primary/Peering/GetMissing
enter Started/Primary/Peering/WaitUpThru
enter Initial
enter NotTrimming
exit Started/Primary/Peering/WaitUpThru
exit Started/Primary/Peering/WaitUpThru
exit Started/Primary/Peering
enter Started/Primary/Active
exit Started/Primary/Peering
exit Started/Primary/Peering/WaitUpThru
enter Started/Primary/Active
exit Started/Primary/Peering
exit Initial
exit Started/Primary/Peering/WaitUpThru
enter Started/Primary/Active
enter Reset
exit Started/Primary/Peering/WaitUpThru
exit Started/Primary/Peering
exit Started/Primary/Peering
enter Started/Primary/Active
exit Started/Primary/Peering/WaitUpThru
enter Started/Primary/Active
exit Started/Primary/Peering/WaitUpThru
exit Reset
exit Started/Primary/Peering
exit Started/Primary/Peering
enter Started
enter Started/Primary/Active
enter Start
enter Started/Primary/Active
exit Start
enter Started/Stray
enter Started/Primary/Active/Activating
enter Started/Primary/Active/Activating
enter Started/Primary/Active/Activating
enter Started/Primary/Active/Activating
enter Started/Primary/Active/Activating
exit Started/Stray
enter Started/Primary/Active/Activating
enter Started/ReplicaActive
enter Started/ReplicaActive/RepNotRecovering
enter Initial
enter NotTrimming
exit Started/Primary/Peering/WaitUpThru
enter Initial
enter NotTrimming
exit Started/Primary/Peering
exit Initial
enter Started/Primary/Active
enter Reset
enter Started/Primary/Active/Activating
enter Initial
enter NotTrimming
exit Reset
enter Initial
enter NotTrimming
enter Started
exit Started/Primary/Peering/WaitUpThru
exit Started/Primary/Peering/WaitUpThru
enter Start
exit Started/Primary/Peering
exit Started/Primary/Peering
exit Start
enter Started/Stray
enter Started/Primary/Active
enter Started/Primary/Active
exit Initial
exit Initial
enter Reset
enter Reset
exit Reset
exit Reset
enter Started
enter Started
enter Start
enter Start
exit Start
exit Start
enter Started/Stray
enter Started/Stray
enter Started/Primary/Active/Activating
enter Initial
enter NotTrimming
exit Started/Primary/Peering/WaitUpThru
exit Started/Stray
exit Started/Primary/Peering
enter Started/ReplicaActive
enter Started/Primary/Active
enter Started/ReplicaActive/RepNotRecovering
exit Initial
enter Started/Primary/Active/Activating
enter Started/Primary/Active/Activating
enter Reset
exit Reset
enter Started
enter Start
enter Initial
enter NotTrimming
exit Started/Stray
enter Started/ReplicaActive
enter Started/ReplicaActive/RepNotRecovering
exit Initial
exit Started/Stray
enter Reset
enter Started/ReplicaActive
enter Started/ReplicaActive/RepNotRecovering
exit Initial
enter Reset
exit Reset
enter Started
enter Start
exit Reset
exit Start
enter Started
exit Start
enter Start
enter Started/Stray
exit Start
enter Started/Stray
enter Started/Primary/Active/Activating
enter Started/Stray
enter Initial
enter NotTrimming
enter Initial
enter NotTrimming
exit Initial
enter Reset
exit Initial
enter Reset
exit Reset
enter Started
enter Start
exit Reset
exit Start
enter Started
enter Started/Stray
enter Start
exit Start
enter Started/Stray
exit Started/Stray
enter Started/ReplicaActive
enter Started/ReplicaActive/RepNotRecovering
enter Initial
enter NotTrimming
exit Initial
enter Reset
exit Started/Stray
enter Started/ReplicaActive
exit Reset
enter Started/ReplicaActive/RepNotRecovering
enter Started
enter Start
exit Start
enter Started/Stray
exit Started/Stray
enter Started/ReplicaActive
enter Started/ReplicaActive/RepNotRecovering
enter Initial
enter NotTrimming
exit Initial
enter Reset
exit Reset
enter Started
enter Start
exit Start
enter Started/Stray
exit Started/Stray
exit Started/Stray
enter Started/ReplicaActive
enter Started/ReplicaActive
enter Started/ReplicaActive/RepNotRecovering
enter Started/ReplicaActive/RepNotRecovering
exit Started/Stray
enter Started/ReplicaActive
enter Started/ReplicaActive/RepNotRecovering
exit Started/Stray
enter Started/ReplicaActive
enter Started/ReplicaActive/RepNotRecovering
enter Initial
enter NotTrimming
enter Initial
enter NotTrimming
enter Initial
enter NotTrimming
enter Initial
exit Initial
enter NotTrimming
exit Initial
enter Reset
enter Reset
enter Initial
enter NotTrimming
exit Reset
exit Initial
enter Started
enter Reset
exit Reset
enter Start
enter Started
exit Initial
exit Start
enter Start
enter Reset
enter Started/Stray
exit Start
exit Reset
enter Started/Stray
enter Started
exit Initial
enter Start
enter Reset
exit Reset
exit Start
enter Started
enter Started/Stray
enter Start
exit Reset
exit Start
enter Started
enter Started/Stray
enter Start
exit Start
enter Started/Stray
enter Initial
enter NotTrimming
exit Started/Stray
enter Started/ReplicaActive
exit Started/Stray
enter Started/ReplicaActive/RepNotRecovering
enter Started/ReplicaActive
enter Initial
enter Started/ReplicaActive/RepNotRecovering
exit Started/Stray
enter NotTrimming
enter Started/ReplicaActive
enter Started/ReplicaActive/RepNotRecovering
enter Initial
enter NotTrimming
exit Initial
exit Started/Stray
enter Reset
exit Started/Stray
enter Started/ReplicaActive
enter Started/ReplicaActive
enter Started/ReplicaActive/RepNotRecovering
enter Started/ReplicaActive/RepNotRecovering
enter Initial
enter NotTrimming
exit Initial
exit Reset
enter Reset
enter Started
enter Start
exit Start
exit Reset
enter Initial
exit Initial
enter Started/Stray
enter NotTrimming
enter Reset
enter Started
exit Reset
enter Start
enter Started
exit Start
enter Started/Stray
enter Start
exit Initial
enter Reset
exit Initial
enter Reset
exit Reset
enter Started
enter Start
exit Start
exit Start
enter Started/Stray
exit Reset
enter Started/Stray
enter Started
enter Start
exit Start
enter Started/Stray
exit Started/Stray
enter Started/ReplicaActive
enter Started/ReplicaActive/RepNotRecovering
exit Started/Stray
exit Started/Stray
enter Started/ReplicaActive
enter Started/ReplicaActive
enter Started/ReplicaActive/RepNotRecovering
enter Started/ReplicaActive/RepNotRecovering
exit Started/Stray
enter Started/ReplicaActive
enter Started/ReplicaActive/RepNotRecovering
exit Started/Stray
enter Started/ReplicaActive
enter Started/ReplicaActive/RepNotRecovering
exit Started/Primary/Active/Activating
enter Started/Primary/Active/Recovered
exit Started/Primary/Active/Activating
enter Started/Primary/Active/Recovered
exit Started/Primary/Active/Recovered
enter Started/Primary/Active/Clean
exit Started/Primary/Active/Recovered
enter Started/Primary/Active/Clean
exit Started/Primary/Active/Activating
enter Started/Primary/Active/Recovered
exit Started/Primary/Active/Activating
enter Started/Primary/Active/Recovered
exit Started/Primary/Active/Activating
exit Started/Primary/Active/Recovered
enter Started/Primary/Active/Recovered
enter Started/Primary/Active/Clean
exit Started/Primary/Active/Activating
enter Started/Primary/Active/Recovered
exit Started/Primary/Active/Activating
exit Started/Primary/Active/Recovered
enter Started/Primary/Active/Recovered
enter Started/Primary/Active/Clean
exit Started/Primary/Active/Recovered
enter Started/Primary/Active/Clean
exit Started/Primary/Active/Recovered
enter Started/Primary/Active/Clean
exit Started/Primary/Active/Recovered
enter Started/Primary/Active/Clean
exit Started/Primary/Active/Activating
exit Started/Primary/Active/Activating
enter Started/Primary/Active/Recovered
exit Started/Primary/Active/Activating
enter Started/Primary/Active/Recovered
enter Started/Primary/Active/Recovered
exit Started/Primary/Active/Recovered
enter Started/Primary/Active/Clean
exit Started/Primary/Active/Recovered
enter Started/Primary/Active/Clean
exit Started/Primary/Active/Recovered
enter Started/Primary/Active/Clean
exit Started/Primary/Active/Activating
enter Started/Primary/Active/Recovered
exit Started/Primary/Active/Recovered
enter Started/Primary/Active/Clean
