enter Initial
enter NotTrimming
exit Initial
enter Reset
exit Reset
enter Started
enter Start
exit Start
enter Started/Stray
exit Started/Stray
enter Started/ReplicaActive
enter Started/ReplicaActive/RepNotRecovering
enter Initial
enter Initial
enter NotTrimming
enter NotTrimming
enter Initial
enter NotTrimming
enter Initial
enter NotTrimming
exit Initial
enter Initial
exit Initial
enter Reset
enter NotTrimming
exit Initial
enter Reset
enter Reset
exit Reset
enter Started
exit Reset
enter Start
exit Reset
enter Started
exit Start
exit Initial
enter Started
enter Start
enter Started/Primary
enter Start
enter Reset
enter Started/Primary/Peering
exit Start
exit Start
enter Started/Primary/Peering/GetInfo
enter Started/Primary
enter Started/Primary
enter Started/Primary/Peering
exit Initial
enter Started/Primary/Peering
enter Started/Primary/Peering/GetInfo
enter Started/Primary/Peering/GetInfo
enter Reset
exit Reset
enter Started
enter Start
exit Start
enter Started/Primary
exit Reset
enter Started/Primary/Peering
enter Started/Primary/Peering/GetInfo
enter Started
enter Start
exit Start
enter Started/Primary
enter Started/Primary/Peering
enter Started/Primary/Peering/GetInfo
enter Initial
enter NotTrimming
enter Initial
enter Initial
enter NotTrimming
enter NotTrimming
enter Initial
enter NotTrimming
exit Initial
enter Reset
exit Initial
exit Initial
enter Reset
enter Reset
exit Reset
enter Started
exit Initial
enter Start
enter Reset
exit Start
exit Reset
exit Reset
enter Started/Primary
enter Started
enter Started
enter Started/Primary/Peering
enter Start
enter Start
enter Started/Primary/Peering/GetInfo
exit Start
exit Start
exit Reset
enter Started/Primary
enter Started/Primary
enter Started
enter Started/Primary/Peering
enter Started/Primary/Peering
enter Start
enter Started/Primary/Peering/GetInfo
enter Started/Primary/Peering/GetInfo
exit Start
enter Started/Primary
enter Started/Primary/Peering
enter Started/Primary/Peering/GetInfo
exit Started/Primary/Peering/GetInfo
enter Started/Primary/Peering/GetLog
exit Started/Primary/Peering/GetInfo
enter Started/Primary/Peering/GetLog
exit Started/Primary/Peering/GetInfo
enter Started/Primary/Peering/GetLog
exit Started/Primary/Peering/GetLog
exit Started/Primary/Peering/GetInfo
enter Started/Primary/Peering/GetMissing
enter Started/Primary/Peering/GetLog
exit Started/Primary/Peering/GetLog
exit Started/Primary/Peering/GetMissing
enter Started/Primary/Peering/GetMissing
enter Started/Primary/Peering/WaitUpThru
exit Started/Primary/Peering/GetInfo
exit Started/Primary/Peering/GetMissing
enter Started/Primary/Peering/GetLog
exit Started/Primary/Peering/GetLog
enter Started/Primary/Peering/WaitUpThru
enter Started/Primary/Peering/GetMissing
exit Started/Primary/Peering/GetMissing
enter Started/Primary/Peering/WaitUpThru
exit Started/Primary/Peering/GetLog
enter Started/Primary/Peering/GetMissing
exit Started/Primary/Peering/GetMissing
enter Started/Primary/Peering/WaitUpThru
exit Started/Primary/Peering/GetInfo
enter Started/Primary/Peering/GetLog
exit Started/Primary/Peering/GetLog
enter Started/Primary/Peering/GetMissing
exit Started/Primary/Peering/GetMissing
enter Started/Primary/Peering/WaitUpThru
exit Started/Primary/Peering/GetLog
enter Started/Primary/Peering/GetMissing
exit Started/Primary/Peering/GetMissing
enter Started/Primary/Peering/WaitUpThru
exit Started/Primary/Peering/GetInfo
enter Started/Primary/Peering/GetLog
exit Started/Primary/Peering/GetInfo
enter Started/Primary/Peering/GetLog
exit Started/Primary/Peering/GetLog
enter Started/Primary/Peering/GetMissing
exit Started/Primary/Peering/GetMissing
enter Started/Primary/Peering/WaitUpThru
exit Started/Primary/Peering/GetLog
enter Started/Primary/Peering/GetMissing
exit Started/Primary/Peering/GetMissing
enter Started/Primary/Peering/WaitUpThru
exit Started/Primary/Peering/GetInfo
enter Started/Primary/Peering/GetLog
exit Started/Primary/Peering/GetLog
enter Started/Primary/Peering/GetMissing
exit Started/Primary/Peering/GetMissing
enter Started/Primary/Peering/WaitUpThru
exit Started/Primary/Peering/WaitUpThru
exit Started/Primary/Peering/WaitUpThru
exit Started/Primary/Peering
enter Started/Primary/Active
exit Started/Primary/Peering
exit Started/Primary/Peering/WaitUpThru
enter Started/Primary/Active
exit Started/Primary/Peering
exit Started/Primary/Peering/WaitUpThru
enter Started/Primary/Active
exit Started/Primary/Peering
exit Started/Primary/Peering/WaitUpThru
enter Started/Primary/Active
exit Started/Primary/Peering/WaitUpThru
exit Started/Primary/Peering
enter Started/Primary/Active
exit Started/Primary/Peering/WaitUpThru
exit Started/Primary/Peering
enter Started/Primary/Active
exit Started/Primary/Peering
exit Started/Primary/Peering/WaitUpThru
enter Started/Primary/Active
exit Started/Primary/Peering/WaitUpThru
exit Started/Primary/Peering
exit Started/Primary/Peering
enter Started/Primary/Active
enter Started/Primary/Active
enter Started/Primary/Active/Activating
enter Started/Primary/Active/Activating
enter Started/Primary/Active/Activating
enter Started/Primary/Active/Activating
enter Started/Primary/Active/Activating
enter Started/Primary/Active/Activating
enter Started/Primary/Active/Activating
enter Started/Primary/Active/Activating
enter Started/Primary/Active/Activating
enter Initial
enter NotTrimming
enter Initial
enter NotTrimming
enter Initial
enter NotTrimming
exit Initial
enter Reset
enter Initial
enter NotTrimming
enter Initial
exit Reset
enter NotTrimming
enter Started
enter Start
exit Initial
exit Start
exit Initial
enter Started/Stray
enter Reset
enter Reset
enter Initial
enter NotTrimming
exit Reset
exit Reset
enter Started
enter Started
enter Start
enter Start
exit Start
exit Initial
exit Start
enter Initial
exit Initial
enter NotTrimming
enter Started/Stray
enter Started/Stray
enter Reset
enter Reset
exit Reset
exit Reset
exit Initial
enter Started
enter Started
enter Reset
enter Start
enter Start
exit Start
exit Start
enter Started/Stray
enter Started/Stray
exit Reset
exit Initial
enter Started
enter Start
enter Reset
exit Start
enter Started/Stray
exit Started/Stray
enter Started/ReplicaActive
exit Reset
enter Started/ReplicaActive/RepNotRecovering
exit Started/Stray
enter Started/ReplicaActive
enter Started/ReplicaActive/RepNotRecovering
exit Started/Stray
enter Started/ReplicaActive
enter Started/ReplicaActive/RepNotRecovering
enter Initial
enter NotTrimming
enter Initial
enter NotTrimming
enter Started
enter Start
exit Start
enter Started/Stray
exit Initial
enter Reset
exit Initial
enter Reset
exit Reset
enter Started
enter Start
exit Reset
exit Start
enter Started/Stray
enter Started
enter Start
enter Initial
exit Start
enter NotTrimming
enter Started/Stray
exit Initial
exit Started/Stray
enter Started/ReplicaActive
exit Started/Stray
enter Started/ReplicaActive/RepNotRecovering
enter Initial
enter Started/ReplicaActive
enter NotTrimming
enter Started/ReplicaActive/RepNotRecovering
enter Initial
enter NotTrimming
enter Initial
enter Initial
enter NotTrimming
enter NotTrimming
exit Initial
enter Reset
enter Reset
exit Initial
exit Reset
exit Reset
enter Reset
enter Started
enter Started
enter Start
enter Start
exit Start
exit Initial
exit Start
exit Initial
enter Started/Stray
enter Started/Stray
enter Reset
exit Reset
enter Reset
enter Started
enter Start
exit Start
exit Reset
enter Started/Stray
enter Started
exit Reset
enter Start
enter Started
exit Start
enter Start
enter Started/Stray
exit Start
enter Started/Stray
exit Started/Stray
enter Started/ReplicaActive
enter Started/ReplicaActive/RepNotRecovering
exit Started/Stray
enter Started/ReplicaActive
enter Started/ReplicaActive/RepNotRecovering
enter Initial
enter NotTrimming
exit Started/Stray
exit Started/Stray
enter Started/ReplicaActive
enter Started/ReplicaActive/RepNotRecovering
enter Started/ReplicaActive
enter Started/ReplicaActive/RepNotRecovering
exit Started/Stray
enter Started/ReplicaActive
exit Initial
enter Started/ReplicaActive/RepNotRecovering
enter Reset
exit Started/Stray
exit Started/Stray
exit Started/Stray
enter Started/ReplicaActive
enter Started/ReplicaActive
enter Started/ReplicaActive/RepNotRecovering
exit Started/Stray
enter Started/ReplicaActive/RepNotRecovering
enter Started/ReplicaActive
exit Reset
enter Started/ReplicaActive/RepNotRecovering
enter Started/ReplicaActive
enter Started
enter Started/ReplicaActive/RepNotRecovering
enter Start
exit Start
enter Started/Stray
enter Initial
enter NotTrimming
enter Initial
enter NotTrimming
exit Initial
enter Reset
exit Initial
enter Reset
exit Reset
exit Reset
enter Started
enter Started
enter Start
enter Start
exit Start
exit Start
enter Started/Stray
enter Started/Stray
enter Initial
enter NotTrimming
enter Initial
enter NotTrimming
enter Initial
enter NotTrimming
exit Initial
enter Reset
exit Initial
enter Reset
exit Reset
enter Started
enter Start
exit Reset
exit Start
enter Started
enter Start
enter Started/Stray
exit Start
enter Started/Stray
exit Started/Stray
enter Started/ReplicaActive
enter Started/ReplicaActive/RepNotRecovering
enter Initial
enter NotTrimming
exit Started/Stray
enter Started/ReplicaActive
enter Started/ReplicaActive/RepNotRecovering
exit Initial
enter Reset
exit Started/Stray
exit Reset
exit Initial
enter Started/ReplicaActive
enter Initial
enter NotTrimming
enter Started
enter Started/ReplicaActive/RepNotRecovering
enter Reset
exit Started/Stray
enter Start
enter Started/ReplicaActive
exit Start
enter Started/ReplicaActive/RepNotRecovering
enter Started/Stray
exit Reset
enter Started
enter Start
exit Start
enter Started/Stray
exit Initial
enter Reset
exit Reset
enter Started
enter Start
exit Start
enter Started/Stray
exit Started/Stray
enter Started/ReplicaActive
enter Started/ReplicaActive/RepNotRecovering
exit Started/Stray
enter Started/ReplicaActive
enter Started/ReplicaActive/RepNotRecovering
enter Initial
enter NotTrimming
exit Started/Stray
enter Started/ReplicaActive
enter Started/ReplicaActive/RepNotRecovering
exit Initial
enter Reset
exit Reset
enter Started
enter Start
exit Start
enter Started/Stray
exit Started/Stray
exit Started/Stray
enter Started/ReplicaActive
enter Started/ReplicaActive/RepNotRecovering
enter Started/ReplicaActive
enter Started/ReplicaActive/RepNotRecovering
exit Started/Primary/Active/Activating
enter Started/Primary/Active/Recovered
exit Started/Primary/Active/Recovered
enter Started/Primary/Active/Clean
exit Started/Primary/Active/Activating
enter Started/Primary/Active/Recovered
exit Started/Primary/Active/Recovered
enter Started/Primary/Active/Clean
exit Started/Primary/Active/Activating
enter Started/Primary/Active/Recovered
exit Started/Primary/Active/Recovered
enter Started/Primary/Active/Clean
exit Started/Primary/Active/Activating
enter Started/Primary/Active/Recovered
exit Started/Primary/Active/Recovered
enter Started/Primary/Active/Clean
exit Started/Primary/Active/Activating
enter Started/Primary/Active/Recovered
exit Started/Primary/Active/Activating
enter Started/Primary/Active/Recovered
exit Started/Primary/Active/Recovered
enter Started/Primary/Active/Clean
exit Started/Primary/Active/Activating
enter Started/Primary/Active/Recovered
exit Started/Primary/Active/Recovered
enter Started/Primary/Active/Clean
exit Started/Primary/Active/Activating
enter Started/Primary/Active/Recovered
exit Started/Primary/Active/Recovered
enter Started/Primary/Active/Clean
exit Started/Primary/Active/Recovered
enter Started/Primary/Active/Clean
exit Started/Primary/Active/Activating
enter Started/Primary/Active/Recovered
exit Started/Primary/Active/Recovered
enter Started/Primary/Active/Clean
