enter Initial
enter NotTrimming
exit Initial
enter Reset
exit Reset
enter Started
enter Start
exit Start
enter Started/Primary
enter Started/Primary/Peering
enter Started/Primary/Peering/GetInfo
exit Started/Primary/Peering/GetInfo
enter Started/Primary/Peering/GetLog
exit Started/Primary/Peering/GetLog
enter Started/Primary/Peering/GetMissing
exit Started/Primary/Peering/GetMissing
enter Started/Primary/Peering/WaitUpThru
exit Started/Primary/Peering/WaitUpThru
exit Started/Primary/Peering
enter Started/Primary/Active
enter Started/Primary/Active/Activating
exit Started/Primary/Active/Activating
enter Started/Primary/Active/Recovered
exit Started/Primary/Active/Recovered
enter Started/Primary/Active/Clean
exit Started/Primary/Active/Clean
exit Started/Primary/Active
exit Started/Primary
exit Started
enter Reset
exit NotTrimming
enter NotTrimming
exit Reset
enter Started
enter Start
exit Start
enter Started/Stray
exit Started/Stray
enter Started/ReplicaActive
enter Started/ReplicaActive/RepNotRecovering
exit Started/ReplicaActive/RepNotRecovering
exit Started/ReplicaActive
exit Started
enter Reset
exit NotTrimming
enter NotTrimming
exit Reset
enter Started
enter Start
exit Start
enter Started/Stray
exit Started/Stray
enter Started/ReplicaActive
enter Started/ReplicaActive/RepNotRecovering
enter Initial
enter NotTrimming
enter Initial
enter NotTrimming
enter Initial
enter Initial
enter NotTrimming
enter NotTrimming
enter Initial
enter NotTrimming
exit Initial
enter Initial
enter Reset
enter NotTrimming
enter Initial
exit Initial
enter NotTrimming
enter Reset
exit Initial
enter Initial
exit Reset
enter NotTrimming
enter Reset
enter Started
exit Initial
enter Start
exit Reset
enter Reset
exit Start
enter Started
enter Start
enter Started/Primary
exit Reset
exit Initial
enter Started/Primary/Peering
exit Start
enter Started
enter Started/Primary/Peering/GetInfo
enter Started/Primary
exit Reset
enter Reset
exit Initial
enter Start
enter Started/Primary/Peering
enter Started
enter Reset
exit Initial
enter Started/Primary/Peering/GetInfo
exit Start
enter Start
enter Started/Primary
exit Start
enter Reset
enter Started/Primary
enter Started/Primary/Peering
exit Initial
exit Reset
enter Started/Primary/Peering
enter Started/Primary/Peering/GetInfo
exit Reset
enter Started/Primary/Peering/GetInfo
enter Started
enter Reset
enter Started
enter Start
enter Start
exit Start
enter Started/Primary
exit Start
exit Reset
exit Reset
enter Started/Primary/Peering
enter Started/Primary
enter Started
enter Started/Primary/Peering/GetInfo
enter Started
enter Started/Primary/Peering
enter Start
enter Start
enter Started/Primary/Peering/GetInfo
exit Start
exit Start
enter Started/Primary
enter Started/Primary
enter Started/Primary/Peering
enter Started/Primary/Peering
enter Started/Primary/Peering/GetInfo
enter Started/Primary/Peering/GetInfo
enter Initial
enter NotTrimming
exit Initial
enter Reset
enter Initial
enter Initial
exit Reset
enter Initial
enter NotTrimming
enter NotTrimming
enter NotTrimming
enter Started
enter Start
exit Start
enter Started/Primary
enter Started/Primary/Peering
enter Started/Primary/Peering/GetInfo
exit Initial
exit Initial
exit Initial
enter Reset
enter Reset
enter Reset
exit Reset
enter Started
exit Reset
exit Reset
enter Start
enter Started
enter Started
exit Start
enter Start
enter Start
enter Started/Primary
exit Start
exit Start
enter Started/Primary/Peering
enter Started/Primary/Peering/GetInfo
enter Started/Primary
enter Started/Primary
enter Started/Primary/Peering
enter Started/Primary/Peering
enter Started/Primary/Peering/GetInfo
enter Started/Primary/Peering/GetInfo
exit Started/Primary/Peering/GetInfo
enter Started/Primary/Peering/GetLog
exit Started/Primary/Peering/GetInfo
enter Started/Primary/Peering/GetLog
exit Started/Primary/Peering/GetInfo
enter Started/Primary/Peering/GetLog
exit Started/Primary/Peering/GetLog
enter Started/Primary/Peering/GetMissing
exit Started/Primary/Peering/GetLog
exit Started/Primary/Peering/GetMissing
enter Started/Primary/Peering/GetMissing
enter Started/Primary/Peering/WaitUpThru
exit Started/Primary/Peering/GetMissing
exit Started/Primary/Peering/GetLog
enter Started/Primary/Peering/WaitUpThru
enter Started/Primary/Peering/GetMissing
exit Started/Primary/Peering/GetMissing
enter Started/Primary/Peering/WaitUpThru
exit Started/Primary/Peering/GetInfo
enter Started/Primary/Peering/GetLog
exit Started/Primary/Peering/GetLog
enter Started/Primary/Peering/GetMissing
exit Started/Primary/Peering/GetMissing
enter Started/Primary/Peering/WaitUpThru
exit Started/Primary/Peering/GetInfo
enter Started/Primary/Peering/GetLog
exit Started/Primary/Peering/GetInfo
enter Started/Primary/Peering/GetLog
exit Started/Primary/Peering/GetLog
enter Started/Primary/Peering/GetMissing
exit Started/Primary/Peering/GetInfo
exit Started/Primary/Peering/GetInfo
enter Started/Primary/Peering/GetLog
exit Started/Primary/Peering/GetMissing
exit Started/Primary/Peering/GetLog
enter Started/Primary/Peering/GetLog
enter Started/Primary/Peering/WaitUpThru
enter Started/Primary/Peering/GetMissing
exit Started/Primary/Peering/GetMissing
enter Started/Primary/Peering/WaitUpThru
exit Started/Primary/Peering/GetLog
exit Started/Primary/Peering/GetLog
enter Started/Primary/Peering/GetMissing
enter Started/Primary/Peering/GetMissing
exit Started/Primary/Peering/GetMissing
exit Started/Primary/Peering/GetMissing
enter Started/Primary/Peering/WaitUpThru
enter Started/Primary/Peering/WaitUpThru
exit Started/Primary/Peering/GetInfo
enter Started/Primary/Peering/GetLog
exit Started/Primary/Peering/GetInfo
enter Started/Primary/Peering/GetLog
exit Started/Primary/Peering/GetInfo
enter Started/Primary/Peering/GetLog
exit Started/Primary/Peering/GetLog
enter Started/Primary/Peering/GetMissing
exit Started/Primary/Peering/GetMissing
enter Started/Primary/Peering/WaitUpThru
exit Started/Primary/Peering/GetInfo
exit Started/Primary/Peering/GetLog
enter Started/Primary/Peering/GetMissing
enter Started/Primary/Peering/GetLog
exit Started/Primary/Peering/GetMissing
enter Started/Primary/Peering/WaitUpThru
exit Started/Primary/Peering/GetLog
enter Started/Primary/Peering/GetMissing
exit Started/Primary/Peering/GetMissing
enter Started/Primary/Peering/WaitUpThru
exit Started/Primary/Peering/GetLog
enter Started/Primary/Peering/GetMissing
exit Started/Primary/Peering/GetMissing
enter Started/Primary/Peering/WaitUpThru
exit Started/Primary/Peering/WaitUpThru
exit Started/Primary/Peering/WaitUpThru
exit Started/Primary/Peering
enter Started/Primary/Active
exit Started/Primary/Peering/WaitUpThru
exit Started/Primary/Peering
enter Started/Primary/Active
exit Started/Primary/Peering/WaitUpThru
exit Started/Primary/Peering
enter Started/Primary/Active
exit Started/Primary/Peering
exit Started/Primary/Peering/WaitUpThru
enter Started/Primary/Active
exit Started/Primary/Peering/WaitUpThru
exit Started/Primary/Peering
exit Started/Primary/Peering
enter Started/Primary/Active
enter Started/Primary/Active
exit Started/Primary/Peering/WaitUpThru
exit Started/Primary/Peering
enter Started/Primary/Active
enter Started/Primary/Active/Activating
enter Started/Primary/Active/Activating
enter Started/Primary/Active/Activating
enter Started/Primary/Active/Activating
enter Started/Primary/Active/Activating
enter Started/Primary/Active/Activating
enter Started/Primary/Active/Activating
enter Initial
enter Initial
enter NotTrimming
enter NotTrimming
exit Started/Primary/Peering/WaitUpThru
enter Initial
exit Started/Primary/Peering/WaitUpThru
exit Started/Primary/Peering
enter NotTrimming
exit Started/Primary/Peering
enter Started/Primary/Active
enter Started/Primary/Active
enter Initial
exit Started/Primary/Peering/WaitUpThru
enter NotTrimming
exit Initial
exit Started/Primary/Peering
enter Reset
enter Started/Primary/Active
exit Initial
enter Reset
enter Initial
enter NotTrimming
exit Initial
exit Reset
enter Reset
enter Started
enter Start
exit Reset
exit Initial
exit Start
enter Started
enter Start
enter Started/Stray
enter Reset
exit Reset
exit Start
enter Started
enter Started/Stray
enter Start
exit Started/Primary/Peering/WaitUpThru
exit Reset
exit Start
exit Started/Primary/Peering
enter Started
exit Initial
enter Reset
enter Start
exit Reset
enter Started/Primary/Active/Activating
enter Started
exit Started/Primary/Peering/WaitUpThru
enter Start
exit Start
exit Started/Stray
exit Start
enter Started/Stray
exit Started/Primary/Peering
enter Started/ReplicaActive
enter Started/Stray
enter Started/ReplicaActive/RepNotRecovering
enter Started/Primary/Active
enter Started/Primary/Active/Activating
enter Started/Stray
enter Initial
enter NotTrimming
enter Initial
enter NotTrimming
exit Initial
enter Initial
enter NotTrimming
exit Initial
enter Reset
enter Initial
enter Reset
enter NotTrimming
enter Initial
enter Started/Primary/Active/Activating
enter NotTrimming
enter Started/Primary/Active
enter Started/Primary/Active/Activating
exit Reset
exit Reset
enter Started
enter Start
enter Started
enter Start
exit Start
enter Started/Stray
enter Initial
enter NotTrimming
exit Start
enter Started/Stray
exit Initial
enter Reset
exit Reset
enter Started
enter Start
exit Start
enter Started/Stray
exit Started/Stray
enter Started/ReplicaActive
enter Started/ReplicaActive/RepNotRecovering
enter Initial
enter NotTrimming
enter Started/Primary/Active/Activating
exit Initial
exit Started/Stray
enter Reset
exit Started/Stray
enter Started/ReplicaActive
enter Started/ReplicaActive
enter Started/ReplicaActive/RepNotRecovering
enter Started/ReplicaActive/RepNotRecovering
exit Reset
enter Started
exit Started/Stray
enter Start
enter Started/ReplicaActive
exit Start
enter Started/ReplicaActive/RepNotRecovering
exit Initial
enter Started/Stray
exit Initial
enter Reset
enter Reset
exit Reset
exit Reset
enter Started
enter Start
enter Started
enter Start
enter Initial
enter NotTrimming
exit Start
exit Start
exit Initial
enter Started/Stray
enter Started/Stray
enter Reset
exit Initial
enter Reset
exit Reset
enter Started
enter Start
exit Reset
exit Start
enter Started/Stray
enter Started
enter Start
exit Start
enter Started/Stray
exit Started/Stray
enter Started/ReplicaActive
enter Started/ReplicaActive/RepNotRecovering
exit Started/Stray
exit Started/Stray
enter Started/ReplicaActive
enter Started/ReplicaActive
enter Started/ReplicaActive/RepNotRecovering
enter Started/ReplicaActive/RepNotRecovering
exit Started/Stray
enter Started/ReplicaActive
enter Started/ReplicaActive/RepNotRecovering
exit Started/Stray
enter Started/ReplicaActive
enter Started/ReplicaActive/RepNotRecovering
enter Initial
enter NotTrimming
enter Initial
enter NotTrimming
exit Started/Stray
exit Initial
exit Started/Stray
enter Started/ReplicaActive
enter Reset
enter Started/ReplicaActive
enter Started/ReplicaActive/RepNotRecovering
exit Initial
enter Started/ReplicaActive/RepNotRecovering
enter Reset
exit Reset
enter Started
enter Start
exit Reset
exit Start
enter Started
enter Started/Stray
enter Start
exit Start
enter Started/Stray
enter Initial
enter NotTrimming
exit Initial
enter Reset
exit Started/Stray
exit Started/Stray
enter Started/ReplicaActive
enter Started/ReplicaActive
enter Started/ReplicaActive/RepNotRecovering
enter Started/ReplicaActive/RepNotRecovering
exit Reset
enter Started
enter Start
exit Start
enter Started/Stray
exit Started/Stray
enter Started/ReplicaActive
enter Started/ReplicaActive/RepNotRecovering
exit Started/Stray
enter Started/ReplicaActive
enter Started/ReplicaActive/RepNotRecovering
enter Initial
enter NotTrimming
enter Initial
enter NotTrimming
exit Initial
enter Reset
exit Reset
exit Initial
enter Started
enter Reset
enter Start
exit Start
enter Started/Stray
exit Reset
enter Started
enter Start
exit Start
enter Started/Stray
enter Initial
enter NotTrimming
enter Initial
enter NotTrimming
exit Started/Stray
exit Initial
enter Started/ReplicaActive
enter Started/ReplicaActive/RepNotRecovering
enter Reset
exit Initial
exit Reset
enter Reset
enter Started
enter Start
exit Start
exit Reset
enter Started/Stray
enter Started
enter Start
exit Start
enter Started/Stray
exit Started/Stray
enter Started/ReplicaActive
enter Started/ReplicaActive/RepNotRecovering
exit Started/Stray
enter Started/ReplicaActive
enter Started/ReplicaActive/RepNotRecovering
exit Started/Stray
enter Started/ReplicaActive
enter Started/ReplicaActive/RepNotRecovering
exit Started/Primary/Active/Activating
enter Started/Primary/Active/Recovered
exit Started/Primary/Active/Recovered
enter Started/Primary/Active/Clean
exit Started/Primary/Active/Activating
enter Started/Primary/Active/Recovered
exit Started/Primary/Active/Recovered
exit Started/Primary/Active/Activating
enter Started/Primary/Active/Clean
enter Started/Primary/Active/Recovered
exit Started/Primary/Active/Activating
enter Started/Primary/Active/Recovered
exit Started/Primary/Active/Activating
exit Started/Primary/Active/Recovered
enter Started/Primary/Active/Recovered
enter Started/Primary/Active/Clean
exit Started/Primary/Active/Recovered
enter Started/Primary/Active/Clean
exit Started/Primary/Active/Recovered
enter Started/Primary/Active/Clean
exit Started/Primary/Active/Activating
enter Started/Primary/Active/Recovered
exit Started/Primary/Active/Recovered
enter Started/Primary/Active/Clean
exit Started/Primary/Active/Activating
enter Started/Primary/Active/Recovered
exit Started/Primary/Active/Activating
enter Started/Primary/Active/Recovered
exit Started/Primary/Active/Recovered
exit Started/Primary/Active/Activating
exit Started/Primary/Active/Recovered
enter Started/Primary/Active/Clean
enter Started/Primary/Active/Recovered
enter Started/Primary/Active/Clean
exit Started/Primary/Active/Activating
enter Started/Primary/Active/Recovered
exit Started/Primary/Active/Activating
enter Started/Primary/Active/Recovered
exit Started/Primary/Active/Recovered
exit Started/Primary/Active/Recovered
enter Started/Primary/Active/Clean
enter Started/Primary/Active/Clean
exit Started/Primary/Active/Recovered
enter Started/Primary/Active/Clean
exit Started/Primary/Active/Activating
enter Started/Primary/Active/Recovered
exit Started/Primary/Active/Recovered
enter Started/Primary/Active/Clean
